[debug] [2024-02-05T07:36:46.952Z] ----------------------------------------------------------------------
[debug] [2024-02-05T07:36:46.957Z] Command:       /opt/homebrew/Cellar/node/21.6.1/bin/node /opt/homebrew/bin/firebase init hosting
[debug] [2024-02-05T07:36:46.958Z] CLI Version:   13.1.0
[debug] [2024-02-05T07:36:46.958Z] Platform:      darwin
[debug] [2024-02-05T07:36:46.958Z] Node Version:  v21.6.1
[debug] [2024-02-05T07:36:46.958Z] Time:          Mon Feb 05 2024 08:36:46 GMT+0100 (GMT+01:00)
[debug] [2024-02-05T07:36:46.958Z] ----------------------------------------------------------------------
[debug] 
[debug] [2024-02-05T07:36:46.961Z] > command requires scopes: ["email","openid","https://www.googleapis.com/auth/cloudplatformprojects.readonly","https://www.googleapis.com/auth/firebase","https://www.googleapis.com/auth/cloud-platform"]
[debug] [2024-02-05T07:36:46.961Z] > authorizing via signed-in user (luclammers06@gmail.com)
[info] 
     ######## #### ########  ######## ########     ###     ######  ########
     ##        ##  ##     ## ##       ##     ##  ##   ##  ##       ##
     ######    ##  ########  ######   ########  #########  ######  ######
     ##        ##  ##    ##  ##       ##     ## ##     ##       ## ##
     ##       #### ##     ## ######## ########  ##     ##  ######  ########

You're about to initialize a Firebase project in this directory:

  /Users/luc/Documents/code/vdh-sales

[info] 
=== Project Setup
[info] 
[info] First, let's associate this project directory with a Firebase project.
[info] You can create multiple project aliases by running firebase use --add, 
[info] but for now we'll just set up a default project.
[info] 
[debug] [2024-02-05T07:36:48.828Z] >>> [apiv2][query] GET https://firebase.googleapis.com/v1beta1/projects pageSize=100
[debug] [2024-02-05T07:36:49.318Z] <<< [apiv2][status] GET https://firebase.googleapis.com/v1beta1/projects 200
[debug] [2024-02-05T07:36:49.318Z] <<< [apiv2][body] GET https://firebase.googleapis.com/v1beta1/projects [omitted]
[info] i  Using project vdh-sales (vdh-sales) 
[info] 
=== Hosting Setup
[debug] [2024-02-05T07:36:50.323Z] >>> [apiv2][query] GET https://firebase.googleapis.com/v1beta1/projects/vdh-sales [none]
[debug] [2024-02-05T07:36:50.492Z] <<< [apiv2][status] GET https://firebase.googleapis.com/v1beta1/projects/vdh-sales 200
[debug] [2024-02-05T07:36:50.493Z] <<< [apiv2][body] GET https://firebase.googleapis.com/v1beta1/projects/vdh-sales {"projectId":"vdh-sales","projectNumber":"157175479830","displayName":"vdh-sales","name":"projects/vdh-sales","resources":{"hostingSite":"vdh-sales","realtimeDatabaseInstance":"vdh-sales-default-rtdb"},"state":"ACTIVE","etag":"1_9fe969e2-cea6-4dd5-b03b-b7e748f51830"}
[info] 
[info] i  Detected a .git folder at /Users/luc/Documents/code/vdh-sales 
[info] i  Authorizing with GitHub to upload your service account to a GitHub repository's secrets store. 
[info] 
[info] Visit this URL on this device to log in:
[info] https://github.com/login/oauth/authorize?client_id=89cf50f02ac6aaed3484&state=312937635&redirect_uri=http%3A%2F%2Flocalhost%3A9005&scope=read%3Auser%20repo%20public_repo
[info] 
[info] Waiting for authentication...
[debug] [2024-02-05T07:37:33.337Z] >>> [apiv2][query] POST https://github.com/login/oauth/access_token [none]
[debug] [2024-02-05T07:37:33.337Z] >>> [apiv2][body] POST https://github.com/login/oauth/access_token [stream]
[debug] [2024-02-05T07:37:33.574Z] <<< [apiv2][status] POST https://github.com/login/oauth/access_token 200
[debug] [2024-02-05T07:37:33.575Z] <<< [apiv2][body] POST https://github.com/login/oauth/access_token {"access_token":"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","token_type":"bearer","scope":"read:user,repo"}
[debug] [2024-02-05T07:37:33.581Z] >>> [apiv2][query] GET https://api.github.com/user [none]
[debug] [2024-02-05T07:37:33.869Z] <<< [apiv2][status] GET https://api.github.com/user 200
[debug] [2024-02-05T07:37:33.869Z] <<< [apiv2][body] GET https://api.github.com/user {"login":"lammersluc","id":86626234,"node_id":"MDQ6VXNlcjg2NjI2MjM0","avatar_url":"https://avatars.githubusercontent.com/u/86626234?v=4","gravatar_id":"","url":"https://api.github.com/users/lammersluc","html_url":"https://github.com/lammersluc","followers_url":"https://api.github.com/users/lammersluc/followers","following_url":"https://api.github.com/users/lammersluc/following{/other_user}","gists_url":"https://api.github.com/users/lammersluc/gists{/gist_id}","starred_url":"https://api.github.com/users/lammersluc/starred{/owner}{/repo}","subscriptions_url":"https://api.github.com/users/lammersluc/subscriptions","organizations_url":"https://api.github.com/users/lammersluc/orgs","repos_url":"https://api.github.com/users/lammersluc/repos","events_url":"https://api.github.com/users/lammersluc/events{/privacy}","received_events_url":"https://api.github.com/users/lammersluc/received_events","type":"User","site_admin":false,"name":"Luc","company":null,"blog":"","location":"North Brabant, Netherlands","email":null,"hireable":null,"bio":null,"twitter_username":null,"public_repos":0,"public_gists":0,"followers":1,"following":0,"created_at":"2021-06-28T19:06:53Z","updated_at":"2024-02-05T07:37:26Z","private_gists":0,"total_private_repos":10,"owned_private_repos":10,"disk_usage":69504,"collaborators":0,"two_factor_authentication":true,"plan":{"name":"pro","space":976562499,"collaborators":0,"private_repos":9999}}
[info] 
[info] ✔  Success! Logged into GitHub as lammersluc 
[info] 
